<?xml version="1.0" encoding="UTF-8"?>
<!-- Generated by org.testng.reporters.JUnitReportReporter -->
<testsuite hostname="DESKTOP-FS56NRS" failures="0" tests="2" name="Practice1.Test1" time="9.653" errors="0" timestamp="2025-02-21T12:05:34 GMT-08:00" skipped="0">
  <testcase classname="Practice1.Test1" name="ex2" time="7.630"/>
  <system-out/>
  <testcase classname="Practice1.Test1" name="ex1" time="2.023"/>
  <system-out/>
</testsuite> <!-- Practice1.Test1 -->
