<?xml version="1.0" encoding="UTF-8"?>
<!-- Generated by org.testng.reporters.JUnitReportReporter -->
<testsuite hostname="DESKTOP-FS56NRS" failures="0" tests="1" name="Practice1.Test1" time="2.949" errors="0" timestamp="2025-02-22T01:44:10 GMT-08:00" skipped="0">
  <testcase classname="Practice1.Test1" name="ex2" time="2.949"/>
  <system-out/>
</testsuite> <!-- Practice1.Test1 -->
