<?xml version="1.0" encoding="UTF-8"?>
<!-- Generated by org.testng.reporters.JUnitReportReporter -->
<testsuite hostname="DESKTOP-FS56NRS" failures="0" tests="1" name="Practice1.SampleTest" time="7.487" errors="0" timestamp="2025-02-21T12:05:34 GMT-08:00" skipped="0">
  <testcase classname="Practice1.SampleTest" name="method5" time="7.487"/>
  <system-out/>
</testsuite> <!-- Practice1.SampleTest -->
