<?xml version="1.0" encoding="UTF-8"?>
<!-- Generated by org.testng.reporters.JUnitReportReporter -->
<testsuite hostname="DESKTOP-FS56NRS" failures="0" tests="1" name="Practice1.Test2" time="3.680" errors="0" timestamp="2025-02-21T23:08:57 GMT-08:00" skipped="0">
  <testcase classname="Practice1.Test2" name="ex3" time="3.680"/>
  <system-out/>
</testsuite> <!-- Practice1.Test2 -->
